{
  "stats": {
    "suites": 18,
    "tests": 35,
    "passes": 32,
    "pending": 0,
    "failures": 3,
    "start": "2020-12-22T19:55:14.516Z",
    "end": "2020-12-22T19:55:27.808Z",
    "duration": 13292,
    "testsRegistered": 35,
    "passPercent": 91.42857142857143,
    "pendingPercent": 0,
    "other": 0,
    "hasOther": false,
    "skipped": 0,
    "hasSkipped": false
  },
  "results": [
    {
      "uuid": "c41d95e6-04fc-4c2d-a7b6-f0ff393f59fe",
      "title": "",
      "fullFile": "cypress/integration/project.spec.js",
      "file": "cypress/integration/project.spec.js",
      "beforeHooks": [],
      "afterHooks": [],
      "tests": [],
      "suites": [
        {
          "uuid": "d2d2ef26-fd2d-41bd-9892-f300bf983360",
          "title": "Deve haver um `input` com o `id=\"carta-texto\"` onde o usuário poderá digitar o conteúdo da carta",
          "fullFile": "",
          "file": "",
          "beforeHooks": [],
          "afterHooks": [],
          "tests": [
            {
              "title": "Existe um elemenento input com `id=carta-texto`",
              "fullTitle": "Deve haver um `input` com o `id=\"carta-texto\"` onde o usuário poderá digitar o conteúdo da carta Existe um elemenento input com `id=carta-texto`",
              "timedOut": null,
              "duration": 192,
              "state": "passed",
              "speed": "slow",
              "pass": true,
              "fail": false,
              "pending": false,
              "context": null,
              "code": "cy.get(LETTER_INPUT_SELECTOR).should('exist');",
              "err": {},
              "uuid": "25f8a755-f445-40a2-8892-b448c5de82ea",
              "parentUUID": "d2d2ef26-fd2d-41bd-9892-f300bf983360",
              "isHook": false,
              "skipped": false
            }
          ],
          "suites": [],
          "passes": [
            "25f8a755-f445-40a2-8892-b448c5de82ea"
          ],
          "failures": [],
          "pending": [],
          "skipped": [],
          "duration": 192,
          "root": false,
          "rootEmpty": false,
          "_timeout": 2000
        },
        {
          "uuid": "ffde5a7d-fa58-4f63-ab27-a9ac09d22ce6",
          "title": "Deve haver um parágrafo com o `id=\"carta-gerada\"` onde o usuário verá o resultado de sua carta misteriosa",
          "fullFile": "",
          "file": "",
          "beforeHooks": [],
          "afterHooks": [],
          "tests": [
            {
              "title": "Existe um elemento p com o `id=\"carta-gerada\"`",
              "fullTitle": "Deve haver um parágrafo com o `id=\"carta-gerada\"` onde o usuário verá o resultado de sua carta misteriosa Existe um elemento p com o `id=\"carta-gerada\"`",
              "timedOut": null,
              "duration": 166,
              "state": "passed",
              "speed": "slow",
              "pass": true,
              "fail": false,
              "pending": false,
              "context": null,
              "code": "cy.get(LETTER_GENERATED_P_SELECTOR).should('exist');",
              "err": {},
              "uuid": "3908012e-6dad-40d1-940b-0522be3f46c8",
              "parentUUID": "ffde5a7d-fa58-4f63-ab27-a9ac09d22ce6",
              "isHook": false,
              "skipped": false
            }
          ],
          "suites": [],
          "passes": [
            "3908012e-6dad-40d1-940b-0522be3f46c8"
          ],
          "failures": [],
          "pending": [],
          "skipped": [],
          "duration": 166,
          "root": false,
          "rootEmpty": false,
          "_timeout": 2000
        },
        {
          "uuid": "c0049895-1bf6-4bbf-9c15-b865e195e649",
          "title": "Deve haver um botão com `id=\"criar-carta\"` e ao clicar nesse botão, a carta misteriosa deve ser gerada",
          "fullFile": "",
          "file": "",
          "beforeHooks": [],
          "afterHooks": [],
          "tests": [
            {
              "title": "Existe um elemento button com `id=\"criar-carta\"`",
              "fullTitle": "Deve haver um botão com `id=\"criar-carta\"` e ao clicar nesse botão, a carta misteriosa deve ser gerada Existe um elemento button com `id=\"criar-carta\"`",
              "timedOut": null,
              "duration": 116,
              "state": "passed",
              "speed": "slow",
              "pass": true,
              "fail": false,
              "pending": false,
              "context": null,
              "code": "cy.get(LETTER_ADD_BUTTON_SELECTOR).should('exist');",
              "err": {},
              "uuid": "b1b3766a-5b3e-4259-933c-ec78d882ccdd",
              "parentUUID": "c0049895-1bf6-4bbf-9c15-b865e195e649",
              "isHook": false,
              "skipped": false
            },
            {
              "title": "Ao clicar no botão, a carta misteriosa deve ser gerada",
              "fullTitle": "Deve haver um botão com `id=\"criar-carta\"` e ao clicar nesse botão, a carta misteriosa deve ser gerada Ao clicar no botão, a carta misteriosa deve ser gerada",
              "timedOut": null,
              "duration": 1875,
              "state": "passed",
              "speed": "slow",
              "pass": true,
              "fail": false,
              "pending": false,
              "context": null,
              "code": "var letterContent1 = 'esta é uma carta com 7 palavras';\ncheckLetterContent(letterContent1);\nvar letterContent2 = 'esta é uma carta com 2 palavras a mais';\ncheckLetterContent(letterContent2);",
              "err": {},
              "uuid": "cbedcd76-bd40-42ed-ae11-913a0be6d054",
              "parentUUID": "c0049895-1bf6-4bbf-9c15-b865e195e649",
              "isHook": false,
              "skipped": false
            }
          ],
          "suites": [],
          "passes": [
            "b1b3766a-5b3e-4259-933c-ec78d882ccdd",
            "cbedcd76-bd40-42ed-ae11-913a0be6d054"
          ],
          "failures": [],
          "pending": [],
          "skipped": [],
          "duration": 1991,
          "root": false,
          "rootEmpty": false,
          "_timeout": 2000
        },
        {
          "uuid": "04c849ca-0fcd-41b6-a3a0-5550e4cb2b5e",
          "title": "Ao criar uma carta através do botão `id=\"criar-carta\"`, o `input` com `id=\"carta-texto\"` deve permanecer com o texto digitado",
          "fullFile": "",
          "file": "",
          "beforeHooks": [],
          "afterHooks": [],
          "tests": [
            {
              "title": "Ao criar uma carta através do botão `id=\"criar-carta\"`, o `input` com `id=\"carta-texto\"` deve permanecer com o texto digitado",
              "fullTitle": "Ao criar uma carta através do botão `id=\"criar-carta\"`, o `input` com `id=\"carta-texto\"` deve permanecer com o texto digitado Ao criar uma carta através do botão `id=\"criar-carta\"`, o `input` com `id=\"carta-texto\"` deve permanecer com o texto digitado",
              "timedOut": null,
              "duration": 578,
              "state": "passed",
              "speed": "slow",
              "pass": true,
              "fail": false,
              "pending": false,
              "context": null,
              "code": "var letterContent = 'esta é uma outra carta';\ncy.get(LETTER_ADD_BUTTON_SELECTOR).should('exist');\ncy.get(LETTER_INPUT_SELECTOR).type(letterContent);\ncy.get(LETTER_ADD_BUTTON_SELECTOR).click();\ncy.get(LETTER_INPUT_SELECTOR).should('have.value', letterContent);",
              "err": {},
              "uuid": "ba0f673e-c87e-4e87-8011-d7194132de35",
              "parentUUID": "04c849ca-0fcd-41b6-a3a0-5550e4cb2b5e",
              "isHook": false,
              "skipped": false
            }
          ],
          "suites": [],
          "passes": [
            "ba0f673e-c87e-4e87-8011-d7194132de35"
          ],
          "failures": [],
          "pending": [],
          "skipped": [],
          "duration": 578,
          "root": false,
          "rootEmpty": false,
          "_timeout": 2000
        },
        {
          "uuid": "d86596a9-a45b-44ba-9606-27c3179d6d1a",
          "title": "Se o usuário não preencher o campo ou preencher com apenas espaços vazios adicionar a mensagem 'Por favor, digite o conteúdo da carta.'",
          "fullFile": "",
          "file": "",
          "beforeHooks": [],
          "afterHooks": [],
          "tests": [
            {
              "title": "Exibir a mensagem \"Por favor, digite o conteúdo da carta.\" no elemento p com o `id=\"carta-gerada\"",
              "fullTitle": "Se o usuário não preencher o campo ou preencher com apenas espaços vazios adicionar a mensagem 'Por favor, digite o conteúdo da carta.' Exibir a mensagem \"Por favor, digite o conteúdo da carta.\" no elemento p com o `id=\"carta-gerada\"",
              "timedOut": null,
              "duration": 321,
              "state": "passed",
              "speed": "slow",
              "pass": true,
              "fail": false,
              "pending": false,
              "context": null,
              "code": "var letterContent = ' ';\ncy.get(LETTER_INPUT_SELECTOR).type(letterContent);\ncy.get(LETTER_ADD_BUTTON_SELECTOR).click();\ncy.get(LETTER_GENERATED_P_SELECTOR).each(function ($el, index) {\n  var span = $el[0];\n  expect(span.innerText.toLowerCase()).to.be.equal(LETTER_BLANK_MESSAGE.toLowerCase());\n});",
              "err": {},
              "uuid": "32caca04-f910-467c-bc1e-268ac0b5c261",
              "parentUUID": "d86596a9-a45b-44ba-9606-27c3179d6d1a",
              "isHook": false,
              "skipped": false
            }
          ],
          "suites": [],
          "passes": [
            "32caca04-f910-467c-bc1e-268ac0b5c261"
          ],
          "failures": [],
          "pending": [],
          "skipped": [],
          "duration": 321,
          "root": false,
          "rootEmpty": false,
          "_timeout": 2000
        },
        {
          "uuid": "99093a34-084c-4489-81c7-e7129433fc12",
          "title": "Crie a classe `newspaper`",
          "fullFile": "",
          "file": "",
          "beforeHooks": [],
          "afterHooks": [],
          "tests": [
            {
              "title": "Deve possuir a propriedade `backgroud-color` igual a rgb(250, 235, 215)",
              "fullTitle": "Crie a classe `newspaper` Deve possuir a propriedade `backgroud-color` igual a rgb(250, 235, 215)",
              "timedOut": null,
              "duration": 36,
              "state": "passed",
              "speed": "fast",
              "pass": true,
              "fail": false,
              "pending": false,
              "context": null,
              "code": "var properties = [{\n  key: 'background-color',\n  value: 'rgb(250, 235, 215)'\n}];\ncheckClass('newspaper', properties);",
              "err": {},
              "uuid": "98f77f8d-c8a7-4029-af68-7b81a0ee76e6",
              "parentUUID": "99093a34-084c-4489-81c7-e7129433fc12",
              "isHook": false,
              "skipped": false
            },
            {
              "title": "Deve possuir a propriedade `font-family` igual a \"Times New Roman\"",
              "fullTitle": "Crie a classe `newspaper` Deve possuir a propriedade `font-family` igual a \"Times New Roman\"",
              "timedOut": null,
              "duration": 55,
              "state": "passed",
              "speed": "medium",
              "pass": true,
              "fail": false,
              "pending": false,
              "context": null,
              "code": "var properties = [{\n  key: 'font-family',\n  value: 'Times New Roman',\n  match: true\n}];\ncheckClass('newspaper', properties);",
              "err": {},
              "uuid": "688a08c1-4dca-4aab-a99e-b8476b185ac9",
              "parentUUID": "99093a34-084c-4489-81c7-e7129433fc12",
              "isHook": false,
              "skipped": false
            },
            {
              "title": "Deve possuir a propriedade `font-weight` igual a 700",
              "fullTitle": "Crie a classe `newspaper` Deve possuir a propriedade `font-weight` igual a 700",
              "timedOut": null,
              "duration": 17,
              "state": "passed",
              "speed": "fast",
              "pass": true,
              "fail": false,
              "pending": false,
              "context": null,
              "code": "var properties = [{\n  key: 'font-weight',\n  value: '700'\n}];\ncheckClass('newspaper', properties);",
              "err": {},
              "uuid": "2499a82e-be93-4d99-b3ef-4cbc6ed519db",
              "parentUUID": "99093a34-084c-4489-81c7-e7129433fc12",
              "isHook": false,
              "skipped": false
            }
          ],
          "suites": [],
          "passes": [
            "98f77f8d-c8a7-4029-af68-7b81a0ee76e6",
            "688a08c1-4dca-4aab-a99e-b8476b185ac9",
            "2499a82e-be93-4d99-b3ef-4cbc6ed519db"
          ],
          "failures": [],
          "pending": [],
          "skipped": [],
          "duration": 108,
          "root": false,
          "rootEmpty": false,
          "_timeout": 2000
        },
        {
          "uuid": "f15afbd8-0af8-4e8a-b0dc-449412e7eedf",
          "title": "Crie a classe `magazine1`",
          "fullFile": "",
          "file": "",
          "beforeHooks": [],
          "afterHooks": [],
          "tests": [
            {
              "title": "Deve possuir a propriedade `background-color` igual a rgb(0, 128, 128)`",
              "fullTitle": "Crie a classe `magazine1` Deve possuir a propriedade `background-color` igual a rgb(0, 128, 128)`",
              "timedOut": null,
              "duration": 26,
              "state": "passed",
              "speed": "fast",
              "pass": true,
              "fail": false,
              "pending": false,
              "context": null,
              "code": "var properties = [{\n  key: 'background-color',\n  value: 'rgb(0, 128, 128)'\n}];\ncheckClass('magazine1', properties);",
              "err": {},
              "uuid": "2d3cfa01-eb61-4b8e-81f3-a85b354b36a2",
              "parentUUID": "f15afbd8-0af8-4e8a-b0dc-449412e7eedf",
              "isHook": false,
              "skipped": false
            },
            {
              "title": "Deve possuir a propriedade `color` igual a rgb(255, 255, 255)`",
              "fullTitle": "Crie a classe `magazine1` Deve possuir a propriedade `color` igual a rgb(255, 255, 255)`",
              "timedOut": null,
              "duration": 22,
              "state": "passed",
              "speed": "fast",
              "pass": true,
              "fail": false,
              "pending": false,
              "context": null,
              "code": "var properties = [{\n  key: 'color',\n  value: 'rgb(255, 255, 255)'\n}];\ncheckClass('magazine1', properties);",
              "err": {},
              "uuid": "981f6c58-2039-4167-b1cc-68541fcf6063",
              "parentUUID": "f15afbd8-0af8-4e8a-b0dc-449412e7eedf",
              "isHook": false,
              "skipped": false
            },
            {
              "title": "Deve possuir a propriedade `font-family` igual a \"Verdana\"",
              "fullTitle": "Crie a classe `magazine1` Deve possuir a propriedade `font-family` igual a \"Verdana\"",
              "timedOut": null,
              "duration": 26,
              "state": "passed",
              "speed": "fast",
              "pass": true,
              "fail": false,
              "pending": false,
              "context": null,
              "code": "var properties = [{\n  key: 'font-family',\n  value: 'Verdana',\n  match: true\n}];\ncheckClass('magazine1', properties);",
              "err": {},
              "uuid": "56cafc96-4b04-4f52-850d-9f5171023c8f",
              "parentUUID": "f15afbd8-0af8-4e8a-b0dc-449412e7eedf",
              "isHook": false,
              "skipped": false
            },
            {
              "title": "Deve possuir a propriedade `font-weight` igual a \"900\"",
              "fullTitle": "Crie a classe `magazine1` Deve possuir a propriedade `font-weight` igual a \"900\"",
              "timedOut": null,
              "duration": 29,
              "state": "passed",
              "speed": "fast",
              "pass": true,
              "fail": false,
              "pending": false,
              "context": null,
              "code": "var properties = [{\n  key: 'font-weight',\n  value: '900'\n}];\ncheckClass('magazine1', properties);",
              "err": {},
              "uuid": "ab8e01cc-beb4-407e-9a8f-99f24fc40327",
              "parentUUID": "f15afbd8-0af8-4e8a-b0dc-449412e7eedf",
              "isHook": false,
              "skipped": false
            },
            {
              "title": "Deve possuir a propriedade `text-transform` igual a \"uppercase\"`",
              "fullTitle": "Crie a classe `magazine1` Deve possuir a propriedade `text-transform` igual a \"uppercase\"`",
              "timedOut": null,
              "duration": 22,
              "state": "passed",
              "speed": "fast",
              "pass": true,
              "fail": false,
              "pending": false,
              "context": null,
              "code": "var properties = [{\n  key: 'text-transform',\n  value: 'uppercase'\n}];\ncheckClass('magazine1', properties);",
              "err": {},
              "uuid": "e16b8875-91cf-417a-9186-fcf0391844de",
              "parentUUID": "f15afbd8-0af8-4e8a-b0dc-449412e7eedf",
              "isHook": false,
              "skipped": false
            }
          ],
          "suites": [],
          "passes": [
            "2d3cfa01-eb61-4b8e-81f3-a85b354b36a2",
            "981f6c58-2039-4167-b1cc-68541fcf6063",
            "56cafc96-4b04-4f52-850d-9f5171023c8f",
            "ab8e01cc-beb4-407e-9a8f-99f24fc40327",
            "e16b8875-91cf-417a-9186-fcf0391844de"
          ],
          "failures": [],
          "pending": [],
          "skipped": [],
          "duration": 125,
          "root": false,
          "rootEmpty": false,
          "_timeout": 2000
        },
        {
          "uuid": "e1c15a5b-8556-4ab7-b014-bcd71c448998",
          "title": "Crie a classe `magazine2`",
          "fullFile": "",
          "file": "",
          "beforeHooks": [],
          "afterHooks": [],
          "tests": [
            {
              "title": "Deve possuir a propriedade `background-image` igual a \"images/pink-pattern.png\"",
              "fullTitle": "Crie a classe `magazine2` Deve possuir a propriedade `background-image` igual a \"images/pink-pattern.png\"",
              "timedOut": null,
              "duration": 28,
              "state": "passed",
              "speed": "fast",
              "pass": true,
              "fail": false,
              "pending": false,
              "context": null,
              "code": "var properties = [{\n  key: 'background-image',\n  value: 'images/pink-pattern.png',\n  match: true\n}];\ncheckClass('magazine2', properties);",
              "err": {},
              "uuid": "2bcabf14-8f3e-45da-870d-15394c0331a2",
              "parentUUID": "e1c15a5b-8556-4ab7-b014-bcd71c448998",
              "isHook": false,
              "skipped": false
            },
            {
              "title": "Deve possuir a propriedade `color` igual a rgb(255, 0, 255)",
              "fullTitle": "Crie a classe `magazine2` Deve possuir a propriedade `color` igual a rgb(255, 0, 255)",
              "timedOut": null,
              "duration": 37,
              "state": "passed",
              "speed": "fast",
              "pass": true,
              "fail": false,
              "pending": false,
              "context": null,
              "code": "var properties = [{\n  key: 'color',\n  value: 'rgb(255, 0, 255)'\n}];\ncheckClass('magazine2', properties);",
              "err": {},
              "uuid": "19fc6903-0645-4085-aefc-909a9b57c934",
              "parentUUID": "e1c15a5b-8556-4ab7-b014-bcd71c448998",
              "isHook": false,
              "skipped": false
            },
            {
              "title": "Deve possuir a propriedade `font-family` igual a \"Verdana\"",
              "fullTitle": "Crie a classe `magazine2` Deve possuir a propriedade `font-family` igual a \"Verdana\"",
              "timedOut": null,
              "duration": 60,
              "state": "passed",
              "speed": "medium",
              "pass": true,
              "fail": false,
              "pending": false,
              "context": null,
              "code": "var properties = [{\n  key: 'font-family',\n  value: 'Verdana',\n  match: true\n}];\ncheckClass('magazine2', properties);",
              "err": {},
              "uuid": "c9326f74-beb4-43f9-a643-a7e17ae062b7",
              "parentUUID": "e1c15a5b-8556-4ab7-b014-bcd71c448998",
              "isHook": false,
              "skipped": false
            },
            {
              "title": "Deve possuir a propriedade `font-weight` igual a \"900\"",
              "fullTitle": "Crie a classe `magazine2` Deve possuir a propriedade `font-weight` igual a \"900\"",
              "timedOut": null,
              "duration": 39,
              "state": "passed",
              "speed": "medium",
              "pass": true,
              "fail": false,
              "pending": false,
              "context": null,
              "code": "var properties = [{\n  key: 'font-weight',\n  value: '900'\n}];\ncheckClass('magazine2', properties);",
              "err": {},
              "uuid": "444a9ed6-77d9-44e2-bb26-c995ae58975f",
              "parentUUID": "e1c15a5b-8556-4ab7-b014-bcd71c448998",
              "isHook": false,
              "skipped": false
            }
          ],
          "suites": [],
          "passes": [
            "2bcabf14-8f3e-45da-870d-15394c0331a2",
            "19fc6903-0645-4085-aefc-909a9b57c934",
            "c9326f74-beb4-43f9-a643-a7e17ae062b7",
            "444a9ed6-77d9-44e2-bb26-c995ae58975f"
          ],
          "failures": [],
          "pending": [],
          "skipped": [],
          "duration": 164,
          "root": false,
          "rootEmpty": false,
          "_timeout": 2000
        },
        {
          "uuid": "d1ac2bd6-b75d-4f89-ac8a-184c44fd22a9",
          "title": "Crie a classe `medium`",
          "fullFile": "",
          "file": "",
          "beforeHooks": [],
          "afterHooks": [],
          "tests": [
            {
              "title": "Deve possuir a propriedade `font-size` igual a \"20px\"",
              "fullTitle": "Crie a classe `medium` Deve possuir a propriedade `font-size` igual a \"20px\"",
              "timedOut": null,
              "duration": 23,
              "state": "passed",
              "speed": "fast",
              "pass": true,
              "fail": false,
              "pending": false,
              "context": null,
              "code": "var properties = [{\n  key: 'font-size',\n  value: '20px'\n}];\ncheckClass('medium', properties);",
              "err": {},
              "uuid": "0426dbba-8898-4c1e-94cb-dbf19da90def",
              "parentUUID": "d1ac2bd6-b75d-4f89-ac8a-184c44fd22a9",
              "isHook": false,
              "skipped": false
            },
            {
              "title": "Deve possuir a propriedade `padding` igual a \"8px\"",
              "fullTitle": "Crie a classe `medium` Deve possuir a propriedade `padding` igual a \"8px\"",
              "timedOut": null,
              "duration": 20,
              "state": "passed",
              "speed": "fast",
              "pass": true,
              "fail": false,
              "pending": false,
              "context": null,
              "code": "var properties = [{\n  key: 'padding',\n  value: '8px'\n}];\ncheckClass('medium', properties);",
              "err": {},
              "uuid": "fbfff8b2-038c-4125-9a11-66cb9bca84df",
              "parentUUID": "d1ac2bd6-b75d-4f89-ac8a-184c44fd22a9",
              "isHook": false,
              "skipped": false
            }
          ],
          "suites": [],
          "passes": [
            "0426dbba-8898-4c1e-94cb-dbf19da90def",
            "fbfff8b2-038c-4125-9a11-66cb9bca84df"
          ],
          "failures": [],
          "pending": [],
          "skipped": [],
          "duration": 43,
          "root": false,
          "rootEmpty": false,
          "_timeout": 2000
        },
        {
          "uuid": "61abf744-22b9-4560-9ea7-f1a45354b2e1",
          "title": "Crie a classe `big`",
          "fullFile": "",
          "file": "",
          "beforeHooks": [],
          "afterHooks": [],
          "tests": [
            {
              "title": "Deve possuir a propriedade `font-size` igual a \"30px\"",
              "fullTitle": "Crie a classe `big` Deve possuir a propriedade `font-size` igual a \"30px\"",
              "timedOut": null,
              "duration": 24,
              "state": "passed",
              "speed": "fast",
              "pass": true,
              "fail": false,
              "pending": false,
              "context": null,
              "code": "var properties = [{\n  key: 'font-size',\n  value: '30px'\n}];\ncheckClass('big', properties);",
              "err": {},
              "uuid": "ba29f2e9-27b7-4cb5-ac88-b6d3bde340d9",
              "parentUUID": "61abf744-22b9-4560-9ea7-f1a45354b2e1",
              "isHook": false,
              "skipped": false
            },
            {
              "title": "Deve possuir a propriedade `padding` igual a \"10px\"",
              "fullTitle": "Crie a classe `big` Deve possuir a propriedade `padding` igual a \"10px\"",
              "timedOut": null,
              "duration": 23,
              "state": "passed",
              "speed": "fast",
              "pass": true,
              "fail": false,
              "pending": false,
              "context": null,
              "code": "var properties = [{\n  key: 'padding',\n  value: '10px'\n}];\ncheckClass('big', properties);",
              "err": {},
              "uuid": "ad61f972-b3a1-4672-bfbe-df98e1e9bc69",
              "parentUUID": "61abf744-22b9-4560-9ea7-f1a45354b2e1",
              "isHook": false,
              "skipped": false
            }
          ],
          "suites": [],
          "passes": [
            "ba29f2e9-27b7-4cb5-ac88-b6d3bde340d9",
            "ad61f972-b3a1-4672-bfbe-df98e1e9bc69"
          ],
          "failures": [],
          "pending": [],
          "skipped": [],
          "duration": 47,
          "root": false,
          "rootEmpty": false,
          "_timeout": 2000
        },
        {
          "uuid": "206e87bb-b71c-409f-a74a-3bc6694f70d9",
          "title": "Crie a classe `reallybig`",
          "fullFile": "",
          "file": "",
          "beforeHooks": [],
          "afterHooks": [],
          "tests": [
            {
              "title": "Deve possuir a propriedade `font-size` igual a \"40px\"",
              "fullTitle": "Crie a classe `reallybig` Deve possuir a propriedade `font-size` igual a \"40px\"",
              "timedOut": null,
              "duration": 57,
              "state": "passed",
              "speed": "medium",
              "pass": true,
              "fail": false,
              "pending": false,
              "context": null,
              "code": "var properties = [{\n  key: 'font-size',\n  value: '40px'\n}];\ncheckClass('reallybig', properties);",
              "err": {},
              "uuid": "2b6c2f2d-fe5c-471d-9aa7-c8754a7e2b26",
              "parentUUID": "206e87bb-b71c-409f-a74a-3bc6694f70d9",
              "isHook": false,
              "skipped": false
            },
            {
              "title": "Deve possuir a propriedade `padding` igual a \"15px\"",
              "fullTitle": "Crie a classe `reallybig` Deve possuir a propriedade `padding` igual a \"15px\"",
              "timedOut": null,
              "duration": 28,
              "state": "passed",
              "speed": "fast",
              "pass": true,
              "fail": false,
              "pending": false,
              "context": null,
              "code": "var properties = [{\n  key: 'padding',\n  value: '15px'\n}];\ncheckClass('reallybig', properties);",
              "err": {},
              "uuid": "72ae4c58-b9bd-4d2a-9bb1-fe5339b69c4a",
              "parentUUID": "206e87bb-b71c-409f-a74a-3bc6694f70d9",
              "isHook": false,
              "skipped": false
            }
          ],
          "suites": [],
          "passes": [
            "2b6c2f2d-fe5c-471d-9aa7-c8754a7e2b26",
            "72ae4c58-b9bd-4d2a-9bb1-fe5339b69c4a"
          ],
          "failures": [],
          "pending": [],
          "skipped": [],
          "duration": 85,
          "root": false,
          "rootEmpty": false,
          "_timeout": 2000
        },
        {
          "uuid": "6236b394-014d-4f33-b0ea-9d3daa90bc72",
          "title": "Crie a classe `rotateleft`",
          "fullFile": "",
          "file": "",
          "beforeHooks": [],
          "afterHooks": [],
          "tests": [
            {
              "title": "Deve possuir a propriedade `transform` igual a \"matrix(0.996195, -0.0871557, 0.0871557, 0.996195, 0, 0)\"",
              "fullTitle": "Crie a classe `rotateleft` Deve possuir a propriedade `transform` igual a \"matrix(0.996195, -0.0871557, 0.0871557, 0.996195, 0, 0)\"",
              "timedOut": null,
              "duration": 22,
              "state": "passed",
              "speed": "fast",
              "pass": true,
              "fail": false,
              "pending": false,
              "context": null,
              "code": "var properties = [{\n  key: 'transform',\n  value: 'matrix(0.996195, -0.0871557, 0.0871557, 0.996195, 0, 0)'\n}];\ncheckClass('rotateleft', properties);",
              "err": {},
              "uuid": "b8f99baa-a424-439b-82f5-8e6d5131b09f",
              "parentUUID": "6236b394-014d-4f33-b0ea-9d3daa90bc72",
              "isHook": false,
              "skipped": false
            }
          ],
          "suites": [],
          "passes": [
            "b8f99baa-a424-439b-82f5-8e6d5131b09f"
          ],
          "failures": [],
          "pending": [],
          "skipped": [],
          "duration": 22,
          "root": false,
          "rootEmpty": false,
          "_timeout": 2000
        },
        {
          "uuid": "f641a170-92a2-432e-8a22-36e03ee01feb",
          "title": "Crie a classe `rotateright`",
          "fullFile": "",
          "file": "",
          "beforeHooks": [],
          "afterHooks": [],
          "tests": [
            {
              "title": "Deve possuir a propriedade `transform` igual a \"matrix(0.996195, 0.0871557, -0.0871557, 0.996195, 0, 0)\"",
              "fullTitle": "Crie a classe `rotateright` Deve possuir a propriedade `transform` igual a \"matrix(0.996195, 0.0871557, -0.0871557, 0.996195, 0, 0)\"",
              "timedOut": null,
              "duration": 28,
              "state": "passed",
              "speed": "fast",
              "pass": true,
              "fail": false,
              "pending": false,
              "context": null,
              "code": "var properties = [{\n  key: 'transform',\n  value: 'matrix(0.996195, 0.0871557, -0.0871557, 0.996195, 0, 0)'\n}];\ncheckClass('rotateright', properties);",
              "err": {},
              "uuid": "28e923d7-826b-45a9-a0f8-a2673379ce07",
              "parentUUID": "f641a170-92a2-432e-8a22-36e03ee01feb",
              "isHook": false,
              "skipped": false
            }
          ],
          "suites": [],
          "passes": [
            "28e923d7-826b-45a9-a0f8-a2673379ce07"
          ],
          "failures": [],
          "pending": [],
          "skipped": [],
          "duration": 28,
          "root": false,
          "rootEmpty": false,
          "_timeout": 2000
        },
        {
          "uuid": "66152fe8-3166-4f28-b270-3f108867d7f3",
          "title": "Crie a classe `skewleft`",
          "fullFile": "",
          "file": "",
          "beforeHooks": [],
          "afterHooks": [],
          "tests": [
            {
              "title": "Deve possuir a propriedade `transform` igual a \"matrix(1, 0, 0.176327, 1, 0, 0)\"",
              "fullTitle": "Crie a classe `skewleft` Deve possuir a propriedade `transform` igual a \"matrix(1, 0, 0.176327, 1, 0, 0)\"",
              "timedOut": null,
              "duration": 28,
              "state": "passed",
              "speed": "fast",
              "pass": true,
              "fail": false,
              "pending": false,
              "context": null,
              "code": "var properties = [{\n  key: 'transform',\n  value: 'matrix(1, 0, 0.176327, 1, 0, 0)'\n}];\ncheckClass('skewleft', properties);",
              "err": {},
              "uuid": "7bd55832-65bc-464c-8a9a-f760a416bcd0",
              "parentUUID": "66152fe8-3166-4f28-b270-3f108867d7f3",
              "isHook": false,
              "skipped": false
            }
          ],
          "suites": [],
          "passes": [
            "7bd55832-65bc-464c-8a9a-f760a416bcd0"
          ],
          "failures": [],
          "pending": [],
          "skipped": [],
          "duration": 28,
          "root": false,
          "rootEmpty": false,
          "_timeout": 2000
        },
        {
          "uuid": "c7dda4cc-5bff-4d51-86fb-c19194851735",
          "title": "Crie a classe `skewright`",
          "fullFile": "",
          "file": "",
          "beforeHooks": [],
          "afterHooks": [],
          "tests": [
            {
              "title": "Deve possuir a propriedade `transform` igual a \"matrix(1, 0, -0.176327, 1, 0, 0)\"",
              "fullTitle": "Crie a classe `skewright` Deve possuir a propriedade `transform` igual a \"matrix(1, 0, -0.176327, 1, 0, 0)\"",
              "timedOut": null,
              "duration": 26,
              "state": "passed",
              "speed": "fast",
              "pass": true,
              "fail": false,
              "pending": false,
              "context": null,
              "code": "var properties = [{\n  key: 'transform',\n  value: 'matrix(1, 0, -0.176327, 1, 0, 0)'\n}];\ncheckClass('skewright', properties);",
              "err": {},
              "uuid": "7b2807cc-4d68-4642-aece-1ca4336f8541",
              "parentUUID": "c7dda4cc-5bff-4d51-86fb-c19194851735",
              "isHook": false,
              "skipped": false
            }
          ],
          "suites": [],
          "passes": [
            "7b2807cc-4d68-4642-aece-1ca4336f8541"
          ],
          "failures": [],
          "pending": [],
          "skipped": [],
          "duration": 26,
          "root": false,
          "rootEmpty": false,
          "_timeout": 2000
        },
        {
          "uuid": "8ec1b22f-32dd-455e-adea-c4cae323010a",
          "title": "Adicione as classes de forma aleatória a fim de estilizar as palavras.",
          "fullFile": "",
          "file": "",
          "beforeHooks": [],
          "afterHooks": [],
          "tests": [
            {
              "title": "Ao criar uma carta deve possuir uma lista de classes aleatórias",
              "fullTitle": "Adicione as classes de forma aleatória a fim de estilizar as palavras. Ao criar uma carta deve possuir uma lista de classes aleatórias",
              "timedOut": null,
              "duration": 2910,
              "state": "failed",
              "speed": null,
              "pass": false,
              "fail": true,
              "pending": false,
              "context": null,
              "code": "createLetter(letterContent);\ncy.get(LETTER_GENERATED_SPANS_SELECTOR).then(function ($el) {\n  $el.each(function (_index, span) {\n    var klasses = span.className.split(WORDS_SPLIT_CHARACTER);\n    expect(ALLOWED_CLASSES).to.include.members(klasses);\n    first.push.apply(first, (0, _toConsumableArray2[\"default\"])(klasses));\n  });\n});",
              "err": {
                "message": "AssertionError: expected [ Array(10) ] to be a superset of [ Array(5) ]",
                "estack": "AssertionError: expected [ Array(10) ] to be a superset of [ Array(5) ]\n    at Function.each (http://localhost:43591/__cypress/runner/cypress_runner.js:74514:19)\n    at jQuery.fn.init.each (http://localhost:43591/__cypress/runner/cypress_runner.js:74303:17)\n    at getRet (http://localhost:43591/__cypress/runner/cypress_runner.js:136585:16)\n    at tryCatcher (http://localhost:43591/__cypress/runner/cypress_runner.js:167415:23)\n    at Function.Promise.attempt.Promise.try (http://localhost:43591/__cypress/runner/cypress_runner.js:164690:29)\n    at Context.thenFn (http://localhost:43591/__cypress/runner/cypress_runner.js:136599:23)\n    at Context.then (http://localhost:43591/__cypress/runner/cypress_runner.js:136971:21)\n    at Context.<anonymous> (http://localhost:43591/__cypress/runner/cypress_runner.js:148875:21)\n    at http://localhost:43591/__cypress/runner/cypress_runner.js:148351:33\n    at tryCatcher (http://localhost:43591/__cypress/runner/cypress_runner.js:167415:23)\n    at Promise._settlePromiseFromHandler (http://localhost:43591/__cypress/runner/cypress_runner.js:165351:31)\n    at Promise._settlePromise (http://localhost:43591/__cypress/runner/cypress_runner.js:165408:18)\n    at Promise._settlePromiseCtx (http://localhost:43591/__cypress/runner/cypress_runner.js:165445:10)\n    at Async../node_modules/bluebird/js/release/async.js.Async._drainQueue (http://localhost:43591/__cypress/runner/cypress_runner.js:162145:12)\n    at Async../node_modules/bluebird/js/release/async.js.Async._drainQueues (http://localhost:43591/__cypress/runner/cypress_runner.js:162150:10)\n    at Async.drainQueues (http://localhost:43591/__cypress/runner/cypress_runner.js:162024:14)",
                "diff": "- [ 'newspaper',\n-   'magazine1',\n-   'magazine2',\n-   'medium',\n-   'big',\n-   'reallybig',\n-   'rotateleft',\n-   'rotateright',\n-   'skewleft',\n-   'skewright' ]\n+ [ 'palavra', 'magazine1', 'reallybig', 'undefined', 'skewright' ]\n"
              },
              "uuid": "1fc9ee50-c2ca-4984-a34a-9e38fc0d4547",
              "parentUUID": "8ec1b22f-32dd-455e-adea-c4cae323010a",
              "isHook": false,
              "skipped": false
            },
            {
              "title": "Ao criar uma segunda carta deve possuir uma lista de classes aleatórias",
              "fullTitle": "Adicione as classes de forma aleatória a fim de estilizar as palavras. Ao criar uma segunda carta deve possuir uma lista de classes aleatórias",
              "timedOut": null,
              "duration": 2649,
              "state": "failed",
              "speed": null,
              "pass": false,
              "fail": true,
              "pending": false,
              "context": null,
              "code": "createLetter(letterContent);\ncy.get(LETTER_GENERATED_SPANS_SELECTOR).then(function ($el) {\n  $el.each(function (_index, span) {\n    var klasses = span.className.split(WORDS_SPLIT_CHARACTER);\n    expect(ALLOWED_CLASSES).to.include.members(klasses);\n    second.push.apply(second, (0, _toConsumableArray2[\"default\"])(klasses));\n  });\n});",
              "err": {
                "message": "AssertionError: expected [ Array(10) ] to be a superset of [ Array(5) ]",
                "estack": "AssertionError: expected [ Array(10) ] to be a superset of [ Array(5) ]\n    at Function.each (http://localhost:43591/__cypress/runner/cypress_runner.js:74514:19)\n    at jQuery.fn.init.each (http://localhost:43591/__cypress/runner/cypress_runner.js:74303:17)\n    at getRet (http://localhost:43591/__cypress/runner/cypress_runner.js:136585:16)\n    at tryCatcher (http://localhost:43591/__cypress/runner/cypress_runner.js:167415:23)\n    at Function.Promise.attempt.Promise.try (http://localhost:43591/__cypress/runner/cypress_runner.js:164690:29)\n    at Context.thenFn (http://localhost:43591/__cypress/runner/cypress_runner.js:136599:23)\n    at Context.then (http://localhost:43591/__cypress/runner/cypress_runner.js:136971:21)\n    at Context.<anonymous> (http://localhost:43591/__cypress/runner/cypress_runner.js:148875:21)\n    at http://localhost:43591/__cypress/runner/cypress_runner.js:148351:33\n    at tryCatcher (http://localhost:43591/__cypress/runner/cypress_runner.js:167415:23)\n    at Promise._settlePromiseFromHandler (http://localhost:43591/__cypress/runner/cypress_runner.js:165351:31)\n    at Promise._settlePromise (http://localhost:43591/__cypress/runner/cypress_runner.js:165408:18)\n    at Promise._settlePromiseCtx (http://localhost:43591/__cypress/runner/cypress_runner.js:165445:10)\n    at Async../node_modules/bluebird/js/release/async.js.Async._drainQueue (http://localhost:43591/__cypress/runner/cypress_runner.js:162145:12)\n    at Async../node_modules/bluebird/js/release/async.js.Async._drainQueues (http://localhost:43591/__cypress/runner/cypress_runner.js:162150:10)\n    at Async.drainQueues (http://localhost:43591/__cypress/runner/cypress_runner.js:162024:14)",
                "diff": "- [ 'newspaper',\n-   'magazine1',\n-   'magazine2',\n-   'medium',\n-   'big',\n-   'reallybig',\n-   'rotateleft',\n-   'rotateright',\n-   'skewleft',\n-   'skewright' ]\n+ [ 'palavra', 'undefined', 'undefined', 'undefined', 'skewleft' ]\n"
              },
              "uuid": "873baced-7d8b-40b7-bdab-b6e671b82c3b",
              "parentUUID": "8ec1b22f-32dd-455e-adea-c4cae323010a",
              "isHook": false,
              "skipped": false
            },
            {
              "title": "As classes das duas cartas não podem ser exatamente iguais",
              "fullTitle": "Adicione as classes de forma aleatória a fim de estilizar as palavras. As classes das duas cartas não podem ser exatamente iguais",
              "timedOut": null,
              "duration": 424,
              "state": "failed",
              "speed": null,
              "pass": false,
              "fail": true,
              "pending": false,
              "context": null,
              "code": "expect(first).to.not.deep.equal(second);",
              "err": {
                "message": "AssertionError: expected [] to not deeply equal []",
                "estack": "AssertionError: expected [] to not deeply equal []\n    at Context.runnable.fn (http://localhost:43591/__cypress/runner/cypress_runner.js:149160:24)\n    at callFn (http://localhost:43591/__cypress/runner/cypress_runner.js:92302:21)\n    at http://localhost:43591/__cypress/runner/cypress_runner.js:152489:28\n    at PassThroughHandlerContext.finallyHandler (http://localhost:43591/__cypress/runner/cypress_runner.js:163970:23)\n    at PassThroughHandlerContext.tryCatcher (http://localhost:43591/__cypress/runner/cypress_runner.js:167415:23)\n    at Promise._settlePromiseFromHandler (http://localhost:43591/__cypress/runner/cypress_runner.js:165351:31)\n    at Promise._settlePromise (http://localhost:43591/__cypress/runner/cypress_runner.js:165408:18)\n    at Promise._settlePromise0 (http://localhost:43591/__cypress/runner/cypress_runner.js:165453:10)\n    at Promise._settlePromises (http://localhost:43591/__cypress/runner/cypress_runner.js:165532:18)\n    at Async../node_modules/bluebird/js/release/async.js.Async._drainQueue (http://localhost:43591/__cypress/runner/cypress_runner.js:162140:16)\n    at Async../node_modules/bluebird/js/release/async.js.Async._drainQueues (http://localhost:43591/__cypress/runner/cypress_runner.js:162150:10)\n    at Async.drainQueues (http://localhost:43591/__cypress/runner/cypress_runner.js:162024:14)",
                "diff": ""
              },
              "uuid": "bfa513fc-d794-44d5-9550-a63306e576f0",
              "parentUUID": "8ec1b22f-32dd-455e-adea-c4cae323010a",
              "isHook": false,
              "skipped": false
            }
          ],
          "suites": [],
          "passes": [],
          "failures": [
            "1fc9ee50-c2ca-4984-a34a-9e38fc0d4547",
            "873baced-7d8b-40b7-bdab-b6e671b82c3b",
            "bfa513fc-d794-44d5-9550-a63306e576f0"
          ],
          "pending": [],
          "skipped": [],
          "duration": 5983,
          "root": false,
          "rootEmpty": false,
          "_timeout": 2000
        },
        {
          "uuid": "79763f65-bd62-4344-8688-8684b1fe60e0",
          "title": "Com uma carta misteriosa gerada, adicione a possibilidade de alterar o estilo de uma palavra específica ao clicar nela",
          "fullFile": "",
          "file": "",
          "beforeHooks": [],
          "afterHooks": [],
          "tests": [
            {
              "title": "Ao clicar em uma carta deve gerar uma nova lista aleatória de classes",
              "fullTitle": "Com uma carta misteriosa gerada, adicione a possibilidade de alterar o estilo de uma palavra específica ao clicar nela Ao clicar em uma carta deve gerar uma nova lista aleatória de classes",
              "timedOut": null,
              "duration": 580,
              "state": "passed",
              "speed": "slow",
              "pass": true,
              "fail": false,
              "pending": false,
              "context": null,
              "code": "cy.get(wordSelector).then(function ($el) {\n  var span = $el[0];\n  var klasses = span.className.split(WORDS_SPLIT_CHARACTER);\n  first.push.apply(first, (0, _toConsumableArray2[\"default\"])(klasses));\n});",
              "err": {},
              "uuid": "555f8e93-8974-47c4-8d96-5e9d2874179a",
              "parentUUID": "79763f65-bd62-4344-8688-8684b1fe60e0",
              "isHook": false,
              "skipped": false
            },
            {
              "title": "Ao clicar novamente na mesma carta deve gerar uma nova lista aleatória de classes diferente da lista anterior",
              "fullTitle": "Com uma carta misteriosa gerada, adicione a possibilidade de alterar o estilo de uma palavra específica ao clicar nela Ao clicar novamente na mesma carta deve gerar uma nova lista aleatória de classes diferente da lista anterior",
              "timedOut": null,
              "duration": 584,
              "state": "passed",
              "speed": "slow",
              "pass": true,
              "fail": false,
              "pending": false,
              "context": null,
              "code": "cy.get(wordSelector).then(function ($el) {\n  var span = $el[0];\n  var klasses = span.className.split(WORDS_SPLIT_CHARACTER);\n  second.push.apply(second, (0, _toConsumableArray2[\"default\"])(klasses));\n});\nexpect(first).to.not.deep.equal(second);",
              "err": {},
              "uuid": "1a85f976-e317-41b7-a2ff-e033d7d6ece7",
              "parentUUID": "79763f65-bd62-4344-8688-8684b1fe60e0",
              "isHook": false,
              "skipped": false
            }
          ],
          "suites": [],
          "passes": [
            "555f8e93-8974-47c4-8d96-5e9d2874179a",
            "1a85f976-e317-41b7-a2ff-e033d7d6ece7"
          ],
          "failures": [],
          "pending": [],
          "skipped": [],
          "duration": 1164,
          "root": false,
          "rootEmpty": false,
          "_timeout": 2000
        },
        {
          "uuid": "cb04828a-5180-4a91-955d-50a286232767",
          "title": "Deve haver um parágrafo com o `id=\"carta-contador\"` onde existirá um contador de palavras",
          "fullFile": "",
          "file": "",
          "beforeHooks": [],
          "afterHooks": [],
          "tests": [
            {
              "title": "Existe um elemento p com o `id=\"carta-contador\"`",
              "fullTitle": "Deve haver um parágrafo com o `id=\"carta-contador\"` onde existirá um contador de palavras Existe um elemento p com o `id=\"carta-contador\"`",
              "timedOut": null,
              "duration": 39,
              "state": "passed",
              "speed": "medium",
              "pass": true,
              "fail": false,
              "pending": false,
              "context": null,
              "code": "cy.get(LETTER_COUNTER_P_SELECTOR).should('exist');",
              "err": {},
              "uuid": "7d6ebfa4-3844-4897-a91d-4c5a829aa84c",
              "parentUUID": "cb04828a-5180-4a91-955d-50a286232767",
              "isHook": false,
              "skipped": false
            },
            {
              "title": "Ao criar uma carta deve atualizar o p com o `id=\"carta-contador\" com o número de palavras da carta (valor numérico).",
              "fullTitle": "Deve haver um parágrafo com o `id=\"carta-contador\"` onde existirá um contador de palavras Ao criar uma carta deve atualizar o p com o `id=\"carta-contador\" com o número de palavras da carta (valor numérico).",
              "timedOut": null,
              "duration": 1634,
              "state": "passed",
              "speed": "slow",
              "pass": true,
              "fail": false,
              "pending": false,
              "context": null,
              "code": "var letterContent1 = 'esta é uma carta com 7 palavras';\nvar letter1Counter = letterContent1.split(WORDS_SPLIT_CHARACTER).length;\ncreateLetter(letterContent1);\ncy.get(LETTER_COUNTER_P_SELECTOR).should('have.text', letter1Counter.toString());\nvar letterContent2 = 'esta é uma carta com 2 palavras a mais';\nvar letter2Counter = letterContent2.split(WORDS_SPLIT_CHARACTER).length;\ncreateLetter(letterContent2);\ncy.get(LETTER_COUNTER_P_SELECTOR).should('have.text', letter2Counter.toString());",
              "err": {},
              "uuid": "4d886618-c897-4aba-9bc0-60e4cbd7e285",
              "parentUUID": "cb04828a-5180-4a91-955d-50a286232767",
              "isHook": false,
              "skipped": false
            }
          ],
          "suites": [],
          "passes": [
            "7d6ebfa4-3844-4897-a91d-4c5a829aa84c",
            "4d886618-c897-4aba-9bc0-60e4cbd7e285"
          ],
          "failures": [],
          "pending": [],
          "skipped": [],
          "duration": 1673,
          "root": false,
          "rootEmpty": false,
          "_timeout": 2000
        }
      ],
      "passes": [],
      "failures": [],
      "pending": [],
      "skipped": [],
      "duration": 0,
      "root": true,
      "rootEmpty": true,
      "_timeout": 2000
    }
  ],
  "meta": {
    "mocha": {
      "version": "7.0.1"
    },
    "mochawesome": {
      "options": {
        "quiet": false,
        "reportFilename": "mochawesome",
        "saveHtml": false,
        "saveJson": true,
        "consoleReporter": "spec",
        "useInlineDiffs": false
      },
      "version": "4.1.0"
    },
    "marge": {
      "options": {
        "id": "default",
        "reportDir": "cypress/reports",
        "overwrite": true,
        "html": false,
        "json": true
      },
      "version": "4.1.0"
    }
  }
}