{
  "stats": {
    "suites": 18,
    "tests": 35,
    "passes": 35,
    "pending": 0,
    "failures": 0,
    "start": "2020-12-22T20:27:51.833Z",
    "end": "2020-12-22T20:28:06.786Z",
    "duration": 14953,
    "testsRegistered": 35,
    "passPercent": 100,
    "pendingPercent": 0,
    "other": 0,
    "hasOther": false,
    "skipped": 0,
    "hasSkipped": false
  },
  "results": [
    {
      "uuid": "de81c52c-f000-4d46-90c3-a421bb4383fb",
      "title": "",
      "fullFile": "cypress/integration/project.spec.js",
      "file": "cypress/integration/project.spec.js",
      "beforeHooks": [],
      "afterHooks": [],
      "tests": [],
      "suites": [
        {
          "uuid": "7cb1d84d-a4a8-4799-8fcd-d58f5a2aaf51",
          "title": "Deve haver um `input` com o `id=\"carta-texto\"` onde o usuário poderá digitar o conteúdo da carta",
          "fullFile": "",
          "file": "",
          "beforeHooks": [],
          "afterHooks": [],
          "tests": [
            {
              "title": "Existe um elemenento input com `id=carta-texto`",
              "fullTitle": "Deve haver um `input` com o `id=\"carta-texto\"` onde o usuário poderá digitar o conteúdo da carta Existe um elemenento input com `id=carta-texto`",
              "timedOut": null,
              "duration": 184,
              "state": "passed",
              "speed": "slow",
              "pass": true,
              "fail": false,
              "pending": false,
              "context": null,
              "code": "cy.get(LETTER_INPUT_SELECTOR).should('exist');",
              "err": {},
              "uuid": "1ed9781b-ad55-4030-8390-282eed40276d",
              "parentUUID": "7cb1d84d-a4a8-4799-8fcd-d58f5a2aaf51",
              "isHook": false,
              "skipped": false
            }
          ],
          "suites": [],
          "passes": [
            "1ed9781b-ad55-4030-8390-282eed40276d"
          ],
          "failures": [],
          "pending": [],
          "skipped": [],
          "duration": 184,
          "root": false,
          "rootEmpty": false,
          "_timeout": 2000
        },
        {
          "uuid": "6a653812-2b1e-4e05-8d10-eab7f44aba81",
          "title": "Deve haver um parágrafo com o `id=\"carta-gerada\"` onde o usuário verá o resultado de sua carta misteriosa",
          "fullFile": "",
          "file": "",
          "beforeHooks": [],
          "afterHooks": [],
          "tests": [
            {
              "title": "Existe um elemento p com o `id=\"carta-gerada\"`",
              "fullTitle": "Deve haver um parágrafo com o `id=\"carta-gerada\"` onde o usuário verá o resultado de sua carta misteriosa Existe um elemento p com o `id=\"carta-gerada\"`",
              "timedOut": null,
              "duration": 153,
              "state": "passed",
              "speed": "slow",
              "pass": true,
              "fail": false,
              "pending": false,
              "context": null,
              "code": "cy.get(LETTER_GENERATED_P_SELECTOR).should('exist');",
              "err": {},
              "uuid": "fb20194e-4449-4249-984a-ca31524f6f24",
              "parentUUID": "6a653812-2b1e-4e05-8d10-eab7f44aba81",
              "isHook": false,
              "skipped": false
            }
          ],
          "suites": [],
          "passes": [
            "fb20194e-4449-4249-984a-ca31524f6f24"
          ],
          "failures": [],
          "pending": [],
          "skipped": [],
          "duration": 153,
          "root": false,
          "rootEmpty": false,
          "_timeout": 2000
        },
        {
          "uuid": "8dce16bc-e8cf-4c7e-8c57-4d341b23c348",
          "title": "Deve haver um botão com `id=\"criar-carta\"` e ao clicar nesse botão, a carta misteriosa deve ser gerada",
          "fullFile": "",
          "file": "",
          "beforeHooks": [],
          "afterHooks": [],
          "tests": [
            {
              "title": "Existe um elemento button com `id=\"criar-carta\"`",
              "fullTitle": "Deve haver um botão com `id=\"criar-carta\"` e ao clicar nesse botão, a carta misteriosa deve ser gerada Existe um elemento button com `id=\"criar-carta\"`",
              "timedOut": null,
              "duration": 152,
              "state": "passed",
              "speed": "slow",
              "pass": true,
              "fail": false,
              "pending": false,
              "context": null,
              "code": "cy.get(LETTER_ADD_BUTTON_SELECTOR).should('exist');",
              "err": {},
              "uuid": "6768c12c-7c96-4958-9adb-912322fd1bbe",
              "parentUUID": "8dce16bc-e8cf-4c7e-8c57-4d341b23c348",
              "isHook": false,
              "skipped": false
            },
            {
              "title": "Ao clicar no botão, a carta misteriosa deve ser gerada",
              "fullTitle": "Deve haver um botão com `id=\"criar-carta\"` e ao clicar nesse botão, a carta misteriosa deve ser gerada Ao clicar no botão, a carta misteriosa deve ser gerada",
              "timedOut": null,
              "duration": 1943,
              "state": "passed",
              "speed": "slow",
              "pass": true,
              "fail": false,
              "pending": false,
              "context": null,
              "code": "var letterContent1 = 'esta é uma carta com 7 palavras';\ncheckLetterContent(letterContent1);\nvar letterContent2 = 'esta é uma carta com 2 palavras a mais';\ncheckLetterContent(letterContent2);",
              "err": {},
              "uuid": "29a0f612-0a8f-499d-80ec-7aa78d46b55d",
              "parentUUID": "8dce16bc-e8cf-4c7e-8c57-4d341b23c348",
              "isHook": false,
              "skipped": false
            }
          ],
          "suites": [],
          "passes": [
            "6768c12c-7c96-4958-9adb-912322fd1bbe",
            "29a0f612-0a8f-499d-80ec-7aa78d46b55d"
          ],
          "failures": [],
          "pending": [],
          "skipped": [],
          "duration": 2095,
          "root": false,
          "rootEmpty": false,
          "_timeout": 2000
        },
        {
          "uuid": "168e0ac4-ce36-4568-bf22-43145c6b345d",
          "title": "Ao criar uma carta através do botão `id=\"criar-carta\"`, o `input` com `id=\"carta-texto\"` deve permanecer com o texto digitado",
          "fullFile": "",
          "file": "",
          "beforeHooks": [],
          "afterHooks": [],
          "tests": [
            {
              "title": "Ao criar uma carta através do botão `id=\"criar-carta\"`, o `input` com `id=\"carta-texto\"` deve permanecer com o texto digitado",
              "fullTitle": "Ao criar uma carta através do botão `id=\"criar-carta\"`, o `input` com `id=\"carta-texto\"` deve permanecer com o texto digitado Ao criar uma carta através do botão `id=\"criar-carta\"`, o `input` com `id=\"carta-texto\"` deve permanecer com o texto digitado",
              "timedOut": null,
              "duration": 677,
              "state": "passed",
              "speed": "slow",
              "pass": true,
              "fail": false,
              "pending": false,
              "context": null,
              "code": "var letterContent = 'esta é uma outra carta';\ncy.get(LETTER_ADD_BUTTON_SELECTOR).should('exist');\ncy.get(LETTER_INPUT_SELECTOR).type(letterContent);\ncy.get(LETTER_ADD_BUTTON_SELECTOR).click();\ncy.get(LETTER_INPUT_SELECTOR).should('have.value', letterContent);",
              "err": {},
              "uuid": "5db01650-af96-4745-8d58-6a5cad70dfcc",
              "parentUUID": "168e0ac4-ce36-4568-bf22-43145c6b345d",
              "isHook": false,
              "skipped": false
            }
          ],
          "suites": [],
          "passes": [
            "5db01650-af96-4745-8d58-6a5cad70dfcc"
          ],
          "failures": [],
          "pending": [],
          "skipped": [],
          "duration": 677,
          "root": false,
          "rootEmpty": false,
          "_timeout": 2000
        },
        {
          "uuid": "dff93cdb-2c81-43e6-ae6b-2d4c85fcaa02",
          "title": "Se o usuário não preencher o campo ou preencher com apenas espaços vazios adicionar a mensagem 'Por favor, digite o conteúdo da carta.'",
          "fullFile": "",
          "file": "",
          "beforeHooks": [],
          "afterHooks": [],
          "tests": [
            {
              "title": "Exibir a mensagem \"Por favor, digite o conteúdo da carta.\" no elemento p com o `id=\"carta-gerada\"",
              "fullTitle": "Se o usuário não preencher o campo ou preencher com apenas espaços vazios adicionar a mensagem 'Por favor, digite o conteúdo da carta.' Exibir a mensagem \"Por favor, digite o conteúdo da carta.\" no elemento p com o `id=\"carta-gerada\"",
              "timedOut": null,
              "duration": 381,
              "state": "passed",
              "speed": "slow",
              "pass": true,
              "fail": false,
              "pending": false,
              "context": null,
              "code": "var letterContent = ' ';\ncy.get(LETTER_INPUT_SELECTOR).type(letterContent);\ncy.get(LETTER_ADD_BUTTON_SELECTOR).click();\ncy.get(LETTER_GENERATED_P_SELECTOR).each(function ($el, index) {\n  var span = $el[0];\n  expect(span.innerText.toLowerCase()).to.be.equal(LETTER_BLANK_MESSAGE.toLowerCase());\n});",
              "err": {},
              "uuid": "8a8fef11-b2e5-40da-b390-e8df5cec7721",
              "parentUUID": "dff93cdb-2c81-43e6-ae6b-2d4c85fcaa02",
              "isHook": false,
              "skipped": false
            }
          ],
          "suites": [],
          "passes": [
            "8a8fef11-b2e5-40da-b390-e8df5cec7721"
          ],
          "failures": [],
          "pending": [],
          "skipped": [],
          "duration": 381,
          "root": false,
          "rootEmpty": false,
          "_timeout": 2000
        },
        {
          "uuid": "bf260b90-0d9e-4bb8-ac0f-900c664a9fc9",
          "title": "Crie a classe `newspaper`",
          "fullFile": "",
          "file": "",
          "beforeHooks": [],
          "afterHooks": [],
          "tests": [
            {
              "title": "Deve possuir a propriedade `backgroud-color` igual a rgb(250, 235, 215)",
              "fullTitle": "Crie a classe `newspaper` Deve possuir a propriedade `backgroud-color` igual a rgb(250, 235, 215)",
              "timedOut": null,
              "duration": 43,
              "state": "passed",
              "speed": "medium",
              "pass": true,
              "fail": false,
              "pending": false,
              "context": null,
              "code": "var properties = [{\n  key: 'background-color',\n  value: 'rgb(250, 235, 215)'\n}];\ncheckClass('newspaper', properties);",
              "err": {},
              "uuid": "cfa83cfe-01d1-418a-b9f0-2a7b43145791",
              "parentUUID": "bf260b90-0d9e-4bb8-ac0f-900c664a9fc9",
              "isHook": false,
              "skipped": false
            },
            {
              "title": "Deve possuir a propriedade `font-family` igual a \"Times New Roman\"",
              "fullTitle": "Crie a classe `newspaper` Deve possuir a propriedade `font-family` igual a \"Times New Roman\"",
              "timedOut": null,
              "duration": 34,
              "state": "passed",
              "speed": "fast",
              "pass": true,
              "fail": false,
              "pending": false,
              "context": null,
              "code": "var properties = [{\n  key: 'font-family',\n  value: 'Times New Roman',\n  match: true\n}];\ncheckClass('newspaper', properties);",
              "err": {},
              "uuid": "c8fb847c-043b-43a6-a2f6-68d8d89d981c",
              "parentUUID": "bf260b90-0d9e-4bb8-ac0f-900c664a9fc9",
              "isHook": false,
              "skipped": false
            },
            {
              "title": "Deve possuir a propriedade `font-weight` igual a 700",
              "fullTitle": "Crie a classe `newspaper` Deve possuir a propriedade `font-weight` igual a 700",
              "timedOut": null,
              "duration": 42,
              "state": "passed",
              "speed": "medium",
              "pass": true,
              "fail": false,
              "pending": false,
              "context": null,
              "code": "var properties = [{\n  key: 'font-weight',\n  value: '700'\n}];\ncheckClass('newspaper', properties);",
              "err": {},
              "uuid": "25fb3998-e959-49e9-8f90-310563ae5c02",
              "parentUUID": "bf260b90-0d9e-4bb8-ac0f-900c664a9fc9",
              "isHook": false,
              "skipped": false
            }
          ],
          "suites": [],
          "passes": [
            "cfa83cfe-01d1-418a-b9f0-2a7b43145791",
            "c8fb847c-043b-43a6-a2f6-68d8d89d981c",
            "25fb3998-e959-49e9-8f90-310563ae5c02"
          ],
          "failures": [],
          "pending": [],
          "skipped": [],
          "duration": 119,
          "root": false,
          "rootEmpty": false,
          "_timeout": 2000
        },
        {
          "uuid": "aabbcc61-b140-49d6-b098-3146950e4b74",
          "title": "Crie a classe `magazine1`",
          "fullFile": "",
          "file": "",
          "beforeHooks": [],
          "afterHooks": [],
          "tests": [
            {
              "title": "Deve possuir a propriedade `background-color` igual a rgb(0, 128, 128)`",
              "fullTitle": "Crie a classe `magazine1` Deve possuir a propriedade `background-color` igual a rgb(0, 128, 128)`",
              "timedOut": null,
              "duration": 31,
              "state": "passed",
              "speed": "fast",
              "pass": true,
              "fail": false,
              "pending": false,
              "context": null,
              "code": "var properties = [{\n  key: 'background-color',\n  value: 'rgb(0, 128, 128)'\n}];\ncheckClass('magazine1', properties);",
              "err": {},
              "uuid": "f0a9ce06-0f59-4776-b126-47ce387afe29",
              "parentUUID": "aabbcc61-b140-49d6-b098-3146950e4b74",
              "isHook": false,
              "skipped": false
            },
            {
              "title": "Deve possuir a propriedade `color` igual a rgb(255, 255, 255)`",
              "fullTitle": "Crie a classe `magazine1` Deve possuir a propriedade `color` igual a rgb(255, 255, 255)`",
              "timedOut": null,
              "duration": 29,
              "state": "passed",
              "speed": "fast",
              "pass": true,
              "fail": false,
              "pending": false,
              "context": null,
              "code": "var properties = [{\n  key: 'color',\n  value: 'rgb(255, 255, 255)'\n}];\ncheckClass('magazine1', properties);",
              "err": {},
              "uuid": "c659bd19-2079-4268-bd68-599424aef698",
              "parentUUID": "aabbcc61-b140-49d6-b098-3146950e4b74",
              "isHook": false,
              "skipped": false
            },
            {
              "title": "Deve possuir a propriedade `font-family` igual a \"Verdana\"",
              "fullTitle": "Crie a classe `magazine1` Deve possuir a propriedade `font-family` igual a \"Verdana\"",
              "timedOut": null,
              "duration": 24,
              "state": "passed",
              "speed": "fast",
              "pass": true,
              "fail": false,
              "pending": false,
              "context": null,
              "code": "var properties = [{\n  key: 'font-family',\n  value: 'Verdana',\n  match: true\n}];\ncheckClass('magazine1', properties);",
              "err": {},
              "uuid": "f3d85f1b-1a64-426c-acec-47e891c31e89",
              "parentUUID": "aabbcc61-b140-49d6-b098-3146950e4b74",
              "isHook": false,
              "skipped": false
            },
            {
              "title": "Deve possuir a propriedade `font-weight` igual a \"900\"",
              "fullTitle": "Crie a classe `magazine1` Deve possuir a propriedade `font-weight` igual a \"900\"",
              "timedOut": null,
              "duration": 22,
              "state": "passed",
              "speed": "fast",
              "pass": true,
              "fail": false,
              "pending": false,
              "context": null,
              "code": "var properties = [{\n  key: 'font-weight',\n  value: '900'\n}];\ncheckClass('magazine1', properties);",
              "err": {},
              "uuid": "d68b624c-b4bb-432d-a9ae-5569be49849b",
              "parentUUID": "aabbcc61-b140-49d6-b098-3146950e4b74",
              "isHook": false,
              "skipped": false
            },
            {
              "title": "Deve possuir a propriedade `text-transform` igual a \"uppercase\"`",
              "fullTitle": "Crie a classe `magazine1` Deve possuir a propriedade `text-transform` igual a \"uppercase\"`",
              "timedOut": null,
              "duration": 24,
              "state": "passed",
              "speed": "fast",
              "pass": true,
              "fail": false,
              "pending": false,
              "context": null,
              "code": "var properties = [{\n  key: 'text-transform',\n  value: 'uppercase'\n}];\ncheckClass('magazine1', properties);",
              "err": {},
              "uuid": "65778e8c-cfdd-4634-9877-aac9eb46a888",
              "parentUUID": "aabbcc61-b140-49d6-b098-3146950e4b74",
              "isHook": false,
              "skipped": false
            }
          ],
          "suites": [],
          "passes": [
            "f0a9ce06-0f59-4776-b126-47ce387afe29",
            "c659bd19-2079-4268-bd68-599424aef698",
            "f3d85f1b-1a64-426c-acec-47e891c31e89",
            "d68b624c-b4bb-432d-a9ae-5569be49849b",
            "65778e8c-cfdd-4634-9877-aac9eb46a888"
          ],
          "failures": [],
          "pending": [],
          "skipped": [],
          "duration": 130,
          "root": false,
          "rootEmpty": false,
          "_timeout": 2000
        },
        {
          "uuid": "bca499a7-b5d9-4063-880c-47ce338330a6",
          "title": "Crie a classe `magazine2`",
          "fullFile": "",
          "file": "",
          "beforeHooks": [],
          "afterHooks": [],
          "tests": [
            {
              "title": "Deve possuir a propriedade `background-image` igual a \"images/pink-pattern.png\"",
              "fullTitle": "Crie a classe `magazine2` Deve possuir a propriedade `background-image` igual a \"images/pink-pattern.png\"",
              "timedOut": null,
              "duration": 62,
              "state": "passed",
              "speed": "medium",
              "pass": true,
              "fail": false,
              "pending": false,
              "context": null,
              "code": "var properties = [{\n  key: 'background-image',\n  value: 'images/pink-pattern.png',\n  match: true\n}];\ncheckClass('magazine2', properties);",
              "err": {},
              "uuid": "4f204078-2509-4ca6-9c39-e8811e98ab04",
              "parentUUID": "bca499a7-b5d9-4063-880c-47ce338330a6",
              "isHook": false,
              "skipped": false
            },
            {
              "title": "Deve possuir a propriedade `color` igual a rgb(255, 0, 255)",
              "fullTitle": "Crie a classe `magazine2` Deve possuir a propriedade `color` igual a rgb(255, 0, 255)",
              "timedOut": null,
              "duration": 21,
              "state": "passed",
              "speed": "fast",
              "pass": true,
              "fail": false,
              "pending": false,
              "context": null,
              "code": "var properties = [{\n  key: 'color',\n  value: 'rgb(255, 0, 255)'\n}];\ncheckClass('magazine2', properties);",
              "err": {},
              "uuid": "c763a125-6248-48ad-a31c-341e9ebd0043",
              "parentUUID": "bca499a7-b5d9-4063-880c-47ce338330a6",
              "isHook": false,
              "skipped": false
            },
            {
              "title": "Deve possuir a propriedade `font-family` igual a \"Verdana\"",
              "fullTitle": "Crie a classe `magazine2` Deve possuir a propriedade `font-family` igual a \"Verdana\"",
              "timedOut": null,
              "duration": 25,
              "state": "passed",
              "speed": "fast",
              "pass": true,
              "fail": false,
              "pending": false,
              "context": null,
              "code": "var properties = [{\n  key: 'font-family',\n  value: 'Verdana',\n  match: true\n}];\ncheckClass('magazine2', properties);",
              "err": {},
              "uuid": "4e41cd1b-f2a3-40b4-a595-6ed87f76d7d2",
              "parentUUID": "bca499a7-b5d9-4063-880c-47ce338330a6",
              "isHook": false,
              "skipped": false
            },
            {
              "title": "Deve possuir a propriedade `font-weight` igual a \"900\"",
              "fullTitle": "Crie a classe `magazine2` Deve possuir a propriedade `font-weight` igual a \"900\"",
              "timedOut": null,
              "duration": 24,
              "state": "passed",
              "speed": "fast",
              "pass": true,
              "fail": false,
              "pending": false,
              "context": null,
              "code": "var properties = [{\n  key: 'font-weight',\n  value: '900'\n}];\ncheckClass('magazine2', properties);",
              "err": {},
              "uuid": "18f27d25-2ab1-45d3-8730-56e09242b11c",
              "parentUUID": "bca499a7-b5d9-4063-880c-47ce338330a6",
              "isHook": false,
              "skipped": false
            }
          ],
          "suites": [],
          "passes": [
            "4f204078-2509-4ca6-9c39-e8811e98ab04",
            "c763a125-6248-48ad-a31c-341e9ebd0043",
            "4e41cd1b-f2a3-40b4-a595-6ed87f76d7d2",
            "18f27d25-2ab1-45d3-8730-56e09242b11c"
          ],
          "failures": [],
          "pending": [],
          "skipped": [],
          "duration": 132,
          "root": false,
          "rootEmpty": false,
          "_timeout": 2000
        },
        {
          "uuid": "36adda45-1555-4bb1-9d98-125c96b6a02a",
          "title": "Crie a classe `medium`",
          "fullFile": "",
          "file": "",
          "beforeHooks": [],
          "afterHooks": [],
          "tests": [
            {
              "title": "Deve possuir a propriedade `font-size` igual a \"20px\"",
              "fullTitle": "Crie a classe `medium` Deve possuir a propriedade `font-size` igual a \"20px\"",
              "timedOut": null,
              "duration": 38,
              "state": "passed",
              "speed": "medium",
              "pass": true,
              "fail": false,
              "pending": false,
              "context": null,
              "code": "var properties = [{\n  key: 'font-size',\n  value: '20px'\n}];\ncheckClass('medium', properties);",
              "err": {},
              "uuid": "93feb8fb-2f01-45b2-839f-4dda3a326280",
              "parentUUID": "36adda45-1555-4bb1-9d98-125c96b6a02a",
              "isHook": false,
              "skipped": false
            },
            {
              "title": "Deve possuir a propriedade `padding` igual a \"8px\"",
              "fullTitle": "Crie a classe `medium` Deve possuir a propriedade `padding` igual a \"8px\"",
              "timedOut": null,
              "duration": 28,
              "state": "passed",
              "speed": "fast",
              "pass": true,
              "fail": false,
              "pending": false,
              "context": null,
              "code": "var properties = [{\n  key: 'padding',\n  value: '8px'\n}];\ncheckClass('medium', properties);",
              "err": {},
              "uuid": "913db27d-ef5b-4dd5-83b9-9e8710b4d1fd",
              "parentUUID": "36adda45-1555-4bb1-9d98-125c96b6a02a",
              "isHook": false,
              "skipped": false
            }
          ],
          "suites": [],
          "passes": [
            "93feb8fb-2f01-45b2-839f-4dda3a326280",
            "913db27d-ef5b-4dd5-83b9-9e8710b4d1fd"
          ],
          "failures": [],
          "pending": [],
          "skipped": [],
          "duration": 66,
          "root": false,
          "rootEmpty": false,
          "_timeout": 2000
        },
        {
          "uuid": "5fb45acb-fd4e-4f14-85ea-0690fe9083c4",
          "title": "Crie a classe `big`",
          "fullFile": "",
          "file": "",
          "beforeHooks": [],
          "afterHooks": [],
          "tests": [
            {
              "title": "Deve possuir a propriedade `font-size` igual a \"30px\"",
              "fullTitle": "Crie a classe `big` Deve possuir a propriedade `font-size` igual a \"30px\"",
              "timedOut": null,
              "duration": 23,
              "state": "passed",
              "speed": "fast",
              "pass": true,
              "fail": false,
              "pending": false,
              "context": null,
              "code": "var properties = [{\n  key: 'font-size',\n  value: '30px'\n}];\ncheckClass('big', properties);",
              "err": {},
              "uuid": "e0d97822-726c-4416-8d57-1f9e0f9f58af",
              "parentUUID": "5fb45acb-fd4e-4f14-85ea-0690fe9083c4",
              "isHook": false,
              "skipped": false
            },
            {
              "title": "Deve possuir a propriedade `padding` igual a \"10px\"",
              "fullTitle": "Crie a classe `big` Deve possuir a propriedade `padding` igual a \"10px\"",
              "timedOut": null,
              "duration": 26,
              "state": "passed",
              "speed": "fast",
              "pass": true,
              "fail": false,
              "pending": false,
              "context": null,
              "code": "var properties = [{\n  key: 'padding',\n  value: '10px'\n}];\ncheckClass('big', properties);",
              "err": {},
              "uuid": "6f427467-5486-4fde-93ef-1e8ba6bc7968",
              "parentUUID": "5fb45acb-fd4e-4f14-85ea-0690fe9083c4",
              "isHook": false,
              "skipped": false
            }
          ],
          "suites": [],
          "passes": [
            "e0d97822-726c-4416-8d57-1f9e0f9f58af",
            "6f427467-5486-4fde-93ef-1e8ba6bc7968"
          ],
          "failures": [],
          "pending": [],
          "skipped": [],
          "duration": 49,
          "root": false,
          "rootEmpty": false,
          "_timeout": 2000
        },
        {
          "uuid": "e35ad51f-c115-4e18-9ea3-9a8020b2d991",
          "title": "Crie a classe `reallybig`",
          "fullFile": "",
          "file": "",
          "beforeHooks": [],
          "afterHooks": [],
          "tests": [
            {
              "title": "Deve possuir a propriedade `font-size` igual a \"40px\"",
              "fullTitle": "Crie a classe `reallybig` Deve possuir a propriedade `font-size` igual a \"40px\"",
              "timedOut": null,
              "duration": 24,
              "state": "passed",
              "speed": "fast",
              "pass": true,
              "fail": false,
              "pending": false,
              "context": null,
              "code": "var properties = [{\n  key: 'font-size',\n  value: '40px'\n}];\ncheckClass('reallybig', properties);",
              "err": {},
              "uuid": "0388af83-8151-4fbf-a98b-49dd8d2a7f4b",
              "parentUUID": "e35ad51f-c115-4e18-9ea3-9a8020b2d991",
              "isHook": false,
              "skipped": false
            },
            {
              "title": "Deve possuir a propriedade `padding` igual a \"15px\"",
              "fullTitle": "Crie a classe `reallybig` Deve possuir a propriedade `padding` igual a \"15px\"",
              "timedOut": null,
              "duration": 18,
              "state": "passed",
              "speed": "fast",
              "pass": true,
              "fail": false,
              "pending": false,
              "context": null,
              "code": "var properties = [{\n  key: 'padding',\n  value: '15px'\n}];\ncheckClass('reallybig', properties);",
              "err": {},
              "uuid": "721bf0b1-40fb-4690-9ca4-ed264b44a09a",
              "parentUUID": "e35ad51f-c115-4e18-9ea3-9a8020b2d991",
              "isHook": false,
              "skipped": false
            }
          ],
          "suites": [],
          "passes": [
            "0388af83-8151-4fbf-a98b-49dd8d2a7f4b",
            "721bf0b1-40fb-4690-9ca4-ed264b44a09a"
          ],
          "failures": [],
          "pending": [],
          "skipped": [],
          "duration": 42,
          "root": false,
          "rootEmpty": false,
          "_timeout": 2000
        },
        {
          "uuid": "e460e91a-0725-4eb4-99cb-4b4d404b7c66",
          "title": "Crie a classe `rotateleft`",
          "fullFile": "",
          "file": "",
          "beforeHooks": [],
          "afterHooks": [],
          "tests": [
            {
              "title": "Deve possuir a propriedade `transform` igual a \"matrix(0.996195, -0.0871557, 0.0871557, 0.996195, 0, 0)\"",
              "fullTitle": "Crie a classe `rotateleft` Deve possuir a propriedade `transform` igual a \"matrix(0.996195, -0.0871557, 0.0871557, 0.996195, 0, 0)\"",
              "timedOut": null,
              "duration": 28,
              "state": "passed",
              "speed": "fast",
              "pass": true,
              "fail": false,
              "pending": false,
              "context": null,
              "code": "var properties = [{\n  key: 'transform',\n  value: 'matrix(0.996195, -0.0871557, 0.0871557, 0.996195, 0, 0)'\n}];\ncheckClass('rotateleft', properties);",
              "err": {},
              "uuid": "029fcb9b-c7fe-4ad3-84e3-3b2809a7a2fd",
              "parentUUID": "e460e91a-0725-4eb4-99cb-4b4d404b7c66",
              "isHook": false,
              "skipped": false
            }
          ],
          "suites": [],
          "passes": [
            "029fcb9b-c7fe-4ad3-84e3-3b2809a7a2fd"
          ],
          "failures": [],
          "pending": [],
          "skipped": [],
          "duration": 28,
          "root": false,
          "rootEmpty": false,
          "_timeout": 2000
        },
        {
          "uuid": "724dbd91-bf38-47fe-8242-6263fd640f22",
          "title": "Crie a classe `rotateright`",
          "fullFile": "",
          "file": "",
          "beforeHooks": [],
          "afterHooks": [],
          "tests": [
            {
              "title": "Deve possuir a propriedade `transform` igual a \"matrix(0.996195, 0.0871557, -0.0871557, 0.996195, 0, 0)\"",
              "fullTitle": "Crie a classe `rotateright` Deve possuir a propriedade `transform` igual a \"matrix(0.996195, 0.0871557, -0.0871557, 0.996195, 0, 0)\"",
              "timedOut": null,
              "duration": 26,
              "state": "passed",
              "speed": "fast",
              "pass": true,
              "fail": false,
              "pending": false,
              "context": null,
              "code": "var properties = [{\n  key: 'transform',\n  value: 'matrix(0.996195, 0.0871557, -0.0871557, 0.996195, 0, 0)'\n}];\ncheckClass('rotateright', properties);",
              "err": {},
              "uuid": "c505f798-2a21-460a-9597-843f6f399d53",
              "parentUUID": "724dbd91-bf38-47fe-8242-6263fd640f22",
              "isHook": false,
              "skipped": false
            }
          ],
          "suites": [],
          "passes": [
            "c505f798-2a21-460a-9597-843f6f399d53"
          ],
          "failures": [],
          "pending": [],
          "skipped": [],
          "duration": 26,
          "root": false,
          "rootEmpty": false,
          "_timeout": 2000
        },
        {
          "uuid": "dc650faf-81ff-4583-a70f-ec333931cc84",
          "title": "Crie a classe `skewleft`",
          "fullFile": "",
          "file": "",
          "beforeHooks": [],
          "afterHooks": [],
          "tests": [
            {
              "title": "Deve possuir a propriedade `transform` igual a \"matrix(1, 0, 0.176327, 1, 0, 0)\"",
              "fullTitle": "Crie a classe `skewleft` Deve possuir a propriedade `transform` igual a \"matrix(1, 0, 0.176327, 1, 0, 0)\"",
              "timedOut": null,
              "duration": 43,
              "state": "passed",
              "speed": "medium",
              "pass": true,
              "fail": false,
              "pending": false,
              "context": null,
              "code": "var properties = [{\n  key: 'transform',\n  value: 'matrix(1, 0, 0.176327, 1, 0, 0)'\n}];\ncheckClass('skewleft', properties);",
              "err": {},
              "uuid": "a3f9ff7d-013f-4e5b-9fad-e5d9edaced88",
              "parentUUID": "dc650faf-81ff-4583-a70f-ec333931cc84",
              "isHook": false,
              "skipped": false
            }
          ],
          "suites": [],
          "passes": [
            "a3f9ff7d-013f-4e5b-9fad-e5d9edaced88"
          ],
          "failures": [],
          "pending": [],
          "skipped": [],
          "duration": 43,
          "root": false,
          "rootEmpty": false,
          "_timeout": 2000
        },
        {
          "uuid": "44db071f-da45-4128-908b-ebd96cae996f",
          "title": "Crie a classe `skewright`",
          "fullFile": "",
          "file": "",
          "beforeHooks": [],
          "afterHooks": [],
          "tests": [
            {
              "title": "Deve possuir a propriedade `transform` igual a \"matrix(1, 0, -0.176327, 1, 0, 0)\"",
              "fullTitle": "Crie a classe `skewright` Deve possuir a propriedade `transform` igual a \"matrix(1, 0, -0.176327, 1, 0, 0)\"",
              "timedOut": null,
              "duration": 42,
              "state": "passed",
              "speed": "medium",
              "pass": true,
              "fail": false,
              "pending": false,
              "context": null,
              "code": "var properties = [{\n  key: 'transform',\n  value: 'matrix(1, 0, -0.176327, 1, 0, 0)'\n}];\ncheckClass('skewright', properties);",
              "err": {},
              "uuid": "ee67a401-e6e0-4ffd-8d40-a27ddb618515",
              "parentUUID": "44db071f-da45-4128-908b-ebd96cae996f",
              "isHook": false,
              "skipped": false
            }
          ],
          "suites": [],
          "passes": [
            "ee67a401-e6e0-4ffd-8d40-a27ddb618515"
          ],
          "failures": [],
          "pending": [],
          "skipped": [],
          "duration": 42,
          "root": false,
          "rootEmpty": false,
          "_timeout": 2000
        },
        {
          "uuid": "839042c7-22b3-45b8-a891-70a2999c2a34",
          "title": "Adicione as classes de forma aleatória a fim de estilizar as palavras.",
          "fullFile": "",
          "file": "",
          "beforeHooks": [],
          "afterHooks": [],
          "tests": [
            {
              "title": "Ao criar uma carta deve possuir uma lista de classes aleatórias",
              "fullTitle": "Adicione as classes de forma aleatória a fim de estilizar as palavras. Ao criar uma carta deve possuir uma lista de classes aleatórias",
              "timedOut": null,
              "duration": 3649,
              "state": "passed",
              "speed": "slow",
              "pass": true,
              "fail": false,
              "pending": false,
              "context": null,
              "code": "createLetter(letterContent);\ncy.get(LETTER_GENERATED_SPANS_SELECTOR).then(function ($el) {\n  $el.each(function (_index, span) {\n    var klasses = span.className.split(WORDS_SPLIT_CHARACTER);\n    expect(ALLOWED_CLASSES).to.include.members(klasses);\n    first.push.apply(first, (0, _toConsumableArray2[\"default\"])(klasses));\n  });\n});",
              "err": {},
              "uuid": "780a35b2-ddf1-4835-b056-9d2d58ee9c14",
              "parentUUID": "839042c7-22b3-45b8-a891-70a2999c2a34",
              "isHook": false,
              "skipped": false
            },
            {
              "title": "Ao criar uma segunda carta deve possuir uma lista de classes aleatórias",
              "fullTitle": "Adicione as classes de forma aleatória a fim de estilizar as palavras. Ao criar uma segunda carta deve possuir uma lista de classes aleatórias",
              "timedOut": null,
              "duration": 3571,
              "state": "passed",
              "speed": "slow",
              "pass": true,
              "fail": false,
              "pending": false,
              "context": null,
              "code": "createLetter(letterContent);\ncy.get(LETTER_GENERATED_SPANS_SELECTOR).then(function ($el) {\n  $el.each(function (_index, span) {\n    var klasses = span.className.split(WORDS_SPLIT_CHARACTER);\n    expect(ALLOWED_CLASSES).to.include.members(klasses);\n    second.push.apply(second, (0, _toConsumableArray2[\"default\"])(klasses));\n  });\n});",
              "err": {},
              "uuid": "6d99c23d-c71c-4e15-82a2-082a7f377413",
              "parentUUID": "839042c7-22b3-45b8-a891-70a2999c2a34",
              "isHook": false,
              "skipped": false
            },
            {
              "title": "As classes das duas cartas não podem ser exatamente iguais",
              "fullTitle": "Adicione as classes de forma aleatória a fim de estilizar as palavras. As classes das duas cartas não podem ser exatamente iguais",
              "timedOut": null,
              "duration": 102,
              "state": "passed",
              "speed": "slow",
              "pass": true,
              "fail": false,
              "pending": false,
              "context": null,
              "code": "expect(first).to.not.deep.equal(second);",
              "err": {},
              "uuid": "e7550169-e793-435e-818c-757a950c565d",
              "parentUUID": "839042c7-22b3-45b8-a891-70a2999c2a34",
              "isHook": false,
              "skipped": false
            }
          ],
          "suites": [],
          "passes": [
            "780a35b2-ddf1-4835-b056-9d2d58ee9c14",
            "6d99c23d-c71c-4e15-82a2-082a7f377413",
            "e7550169-e793-435e-818c-757a950c565d"
          ],
          "failures": [],
          "pending": [],
          "skipped": [],
          "duration": 7322,
          "root": false,
          "rootEmpty": false,
          "_timeout": 2000
        },
        {
          "uuid": "50cb997c-8e9d-48e9-8a65-f78f71686094",
          "title": "Com uma carta misteriosa gerada, adicione a possibilidade de alterar o estilo de uma palavra específica ao clicar nela",
          "fullFile": "",
          "file": "",
          "beforeHooks": [],
          "afterHooks": [],
          "tests": [
            {
              "title": "Ao clicar em uma carta deve gerar uma nova lista aleatória de classes",
              "fullTitle": "Com uma carta misteriosa gerada, adicione a possibilidade de alterar o estilo de uma palavra específica ao clicar nela Ao clicar em uma carta deve gerar uma nova lista aleatória de classes",
              "timedOut": null,
              "duration": 606,
              "state": "passed",
              "speed": "slow",
              "pass": true,
              "fail": false,
              "pending": false,
              "context": null,
              "code": "cy.get(wordSelector).then(function ($el) {\n  var span = $el[0];\n  var klasses = span.className.split(WORDS_SPLIT_CHARACTER);\n  first.push.apply(first, (0, _toConsumableArray2[\"default\"])(klasses));\n});",
              "err": {},
              "uuid": "661bdd77-87df-4986-a22d-7fb4e138de63",
              "parentUUID": "50cb997c-8e9d-48e9-8a65-f78f71686094",
              "isHook": false,
              "skipped": false
            },
            {
              "title": "Ao clicar novamente na mesma carta deve gerar uma nova lista aleatória de classes diferente da lista anterior",
              "fullTitle": "Com uma carta misteriosa gerada, adicione a possibilidade de alterar o estilo de uma palavra específica ao clicar nela Ao clicar novamente na mesma carta deve gerar uma nova lista aleatória de classes diferente da lista anterior",
              "timedOut": null,
              "duration": 576,
              "state": "passed",
              "speed": "slow",
              "pass": true,
              "fail": false,
              "pending": false,
              "context": null,
              "code": "cy.get(wordSelector).then(function ($el) {\n  var span = $el[0];\n  var klasses = span.className.split(WORDS_SPLIT_CHARACTER);\n  second.push.apply(second, (0, _toConsumableArray2[\"default\"])(klasses));\n});\nexpect(first).to.not.deep.equal(second);",
              "err": {},
              "uuid": "8f21cbca-fe08-4bb1-a29b-14a4556c60d9",
              "parentUUID": "50cb997c-8e9d-48e9-8a65-f78f71686094",
              "isHook": false,
              "skipped": false
            }
          ],
          "suites": [],
          "passes": [
            "661bdd77-87df-4986-a22d-7fb4e138de63",
            "8f21cbca-fe08-4bb1-a29b-14a4556c60d9"
          ],
          "failures": [],
          "pending": [],
          "skipped": [],
          "duration": 1182,
          "root": false,
          "rootEmpty": false,
          "_timeout": 2000
        },
        {
          "uuid": "300bb8dd-2ae5-4ce1-a4c1-71714c797bd2",
          "title": "Deve haver um parágrafo com o `id=\"carta-contador\"` onde existirá um contador de palavras",
          "fullFile": "",
          "file": "",
          "beforeHooks": [],
          "afterHooks": [],
          "tests": [
            {
              "title": "Existe um elemento p com o `id=\"carta-contador\"`",
              "fullTitle": "Deve haver um parágrafo com o `id=\"carta-contador\"` onde existirá um contador de palavras Existe um elemento p com o `id=\"carta-contador\"`",
              "timedOut": null,
              "duration": 32,
              "state": "passed",
              "speed": "fast",
              "pass": true,
              "fail": false,
              "pending": false,
              "context": null,
              "code": "cy.get(LETTER_COUNTER_P_SELECTOR).should('exist');",
              "err": {},
              "uuid": "e4c3a039-afc3-46ca-9122-0cc187a61666",
              "parentUUID": "300bb8dd-2ae5-4ce1-a4c1-71714c797bd2",
              "isHook": false,
              "skipped": false
            },
            {
              "title": "Ao criar uma carta deve atualizar o p com o `id=\"carta-contador\" com o número de palavras da carta (valor numérico).",
              "fullTitle": "Deve haver um parágrafo com o `id=\"carta-contador\"` onde existirá um contador de palavras Ao criar uma carta deve atualizar o p com o `id=\"carta-contador\" com o número de palavras da carta (valor numérico).",
              "timedOut": null,
              "duration": 1638,
              "state": "passed",
              "speed": "slow",
              "pass": true,
              "fail": false,
              "pending": false,
              "context": null,
              "code": "var letterContent1 = 'esta é uma carta com 7 palavras';\nvar letter1Counter = letterContent1.split(WORDS_SPLIT_CHARACTER).length;\ncreateLetter(letterContent1);\ncy.get(LETTER_COUNTER_P_SELECTOR).should('have.text', letter1Counter.toString());\nvar letterContent2 = 'esta é uma carta com 2 palavras a mais';\nvar letter2Counter = letterContent2.split(WORDS_SPLIT_CHARACTER).length;\ncreateLetter(letterContent2);\ncy.get(LETTER_COUNTER_P_SELECTOR).should('have.text', letter2Counter.toString());",
              "err": {},
              "uuid": "9fbf5f04-43a4-475d-a259-d29a9c754bc9",
              "parentUUID": "300bb8dd-2ae5-4ce1-a4c1-71714c797bd2",
              "isHook": false,
              "skipped": false
            }
          ],
          "suites": [],
          "passes": [
            "e4c3a039-afc3-46ca-9122-0cc187a61666",
            "9fbf5f04-43a4-475d-a259-d29a9c754bc9"
          ],
          "failures": [],
          "pending": [],
          "skipped": [],
          "duration": 1670,
          "root": false,
          "rootEmpty": false,
          "_timeout": 2000
        }
      ],
      "passes": [],
      "failures": [],
      "pending": [],
      "skipped": [],
      "duration": 0,
      "root": true,
      "rootEmpty": true,
      "_timeout": 2000
    }
  ],
  "meta": {
    "mocha": {
      "version": "7.0.1"
    },
    "mochawesome": {
      "options": {
        "quiet": false,
        "reportFilename": "mochawesome",
        "saveHtml": false,
        "saveJson": true,
        "consoleReporter": "spec",
        "useInlineDiffs": false
      },
      "version": "4.1.0"
    },
    "marge": {
      "options": {
        "id": "default",
        "reportDir": "cypress/reports",
        "overwrite": true,
        "html": false,
        "json": true
      },
      "version": "4.1.0"
    }
  }
}